<?xml version="1.0" encoding="UTF-8"?>
<!-- Generated by org.testng.reporters.JUnitReportReporter -->
<testsuite hostname="DH0PB7D3" failures="0" tests="1" name="easeMyTripTestCases.selectCheapestFlight" time="13.594" errors="0" timestamp="2022-09-20T01:52:57 IST" skipped="0">
  <testcase classname="easeMyTripTestCases.selectCheapestFlight" name="selectFlightCheap" time="13.594"/>
  <system-out/>
</testsuite> <!-- easeMyTripTestCases.selectCheapestFlight -->
