<?xml version="1.0" encoding="UTF-8"?>
<!-- Generated by org.testng.reporters.JUnitReportReporter -->
<testsuite hostname="DH0PB7D3" failures="0" tests="1" name="clearTripTestCases.selectCheapestFlight" time="12.378" errors="0" timestamp="2022-09-20T01:48:31 IST" skipped="0">
  <testcase classname="clearTripTestCases.selectCheapestFlight" name="selectFlightCheap" time="12.378"/>
  <system-out/>
</testsuite> <!-- clearTripTestCases.selectCheapestFlight -->
